<?xml version="1.0" encoding="UTF-8"?>
<!-- Generated by org.testng.reporters.JUnitReportReporter -->
<testsuite hostname="Satheesh" failures="0" tests="32" name="java_practice.restApi.excelFileRead" time="0.092" errors="0" timestamp="2025-04-01T14:58:30 EDT" skipped="0">
  <testcase classname="java_practice.restApi.excelFileRead" name="testExcel" time="0.001"/>
  <testcase classname="java_practice.restApi.excelFileRead" name="testExcel" time="0.049"/>
  <testcase classname="java_practice.restApi.excelFileRead" name="testExcel" time="0.001"/>
  <testcase classname="java_practice.restApi.excelFileRead" name="testExcel" time="0.002"/>
  <testcase classname="java_practice.restApi.excelFileRead" name="testExcel" time="0.001"/>
  <testcase classname="java_practice.restApi.excelFileRead" name="testExcel" time="0.002"/>
  <testcase classname="java_practice.restApi.excelFileRead" name="testExcel" time="0.002"/>
  <testcase classname="java_practice.restApi.excelFileRead" name="testExcel" time="0.002"/>
  <testcase classname="java_practice.restApi.excelFileRead" name="testExcel" time="0.002"/>
  <testcase classname="java_practice.restApi.excelFileRead" name="testExcel" time="0.001"/>
  <testcase classname="java_practice.restApi.excelFileRead" name="testExcel" time="0.001"/>
  <testcase classname="java_practice.restApi.excelFileRead" name="testExcel" time="0.002"/>
  <testcase classname="java_practice.restApi.excelFileRead" name="testExcel" time="0.001"/>
  <testcase classname="java_practice.restApi.excelFileRead" name="testExcel" time="0.002"/>
  <testcase classname="java_practice.restApi.excelFileRead" name="testExcel" time="0.001"/>
  <testcase classname="java_practice.restApi.excelFileRead" name="testExcel" time="0.003"/>
  <testcase classname="java_practice.restApi.excelFileRead" name="testExcel" time="0.001"/>
  <testcase classname="java_practice.restApi.excelFileRead" name="testExcel" time="0.002"/>
  <testcase classname="java_practice.restApi.excelFileRead" name="testExcel" time="0.001"/>
  <testcase classname="java_practice.restApi.excelFileRead" name="testExcel" time="0.000"/>
  <testcase classname="java_practice.restApi.excelFileRead" name="testExcel" time="0.001"/>
  <testcase classname="java_practice.restApi.excelFileRead" name="testExcel" time="0.002"/>
  <testcase classname="java_practice.restApi.excelFileRead" name="testExcel" time="0.001"/>
  <testcase classname="java_practice.restApi.excelFileRead" name="testExcel" time="0.001"/>
  <testcase classname="java_practice.restApi.excelFileRead" name="testExcel" time="0.002"/>
  <testcase classname="java_practice.restApi.excelFileRead" name="testExcel" time="0.001"/>
  <testcase classname="java_practice.restApi.excelFileRead" name="testExcel" time="0.001"/>
  <testcase classname="java_practice.restApi.excelFileRead" name="testExcel" time="0.001"/>
  <testcase classname="java_practice.restApi.excelFileRead" name="testExcel" time="0.002"/>
  <testcase classname="java_practice.restApi.excelFileRead" name="testExcel" time="0.001"/>
  <testcase classname="java_practice.restApi.excelFileRead" name="testExcel" time="0.001"/>
  <testcase classname="java_practice.restApi.excelFileRead" name="testExcel" time="0.001"/>
</testsuite> <!-- java_practice.restApi.excelFileRead -->
