<?xml version="1.0" encoding="UTF-8"?>
<!-- Generated by org.testng.reporters.JUnitReportReporter -->
<testsuite hostname="Satheesh" failures="0" tests="3" name="testng_practice.dataProviderEx" time="0.086" errors="0" timestamp="2025-04-02T21:55:53 EDT" skipped="0">
  <testcase classname="testng_practice.dataProviderEx" name="loginTest" time="0.002"/>
  <testcase classname="testng_practice.dataProviderEx" name="loginTest" time="0.002"/>
  <testcase classname="testng_practice.dataProviderEx" name="loginTest" time="0.082"/>
</testsuite> <!-- testng_practice.dataProviderEx -->
