<?xml version="1.0" encoding="UTF-8"?>
<!-- Generated by org.testng.reporters.JUnitReportReporter -->
<testsuite hostname="Satheesh" failures="0" tests="3" name="TestNG.TestNGDataProviderExample" time="0.097" errors="0" timestamp="2025-03-31T16:18:51 EDT" skipped="0">
  <testcase classname="TestNG.TestNGDataProviderExample" name="loginTest" time="0.001"/>
  <testcase classname="TestNG.TestNGDataProviderExample" name="loginTest" time="0.002"/>
  <testcase classname="TestNG.TestNGDataProviderExample" name="loginTest" time="0.094"/>
</testsuite> <!-- TestNG.TestNGDataProviderExample -->
